2026-07-22T11:27:40Z GET https://api.github.com/repos/AskNowQA/LC-QuAD2.0 status=200 bytes=6198 sha256=738469f6db688e8f8b36b99f9d90033571e4f6b8efbb7b8e9e562b92be5e5fb6 label=authors_repo
2026-07-22T11:27:41Z GET https://api.github.com/repos/AskNowQA/LC-QuAD2.0/commits/0a5f8f85b6f863c3b80f0fa02839e25d438af3ae status=200 bytes=4672 sha256=ec9bedade0661c417acf5918a20737486e421095784f8a652cc04487ca59e535 label=authors_commit_pin
2026-07-22T11:27:41Z GET https://api.github.com/repos/AskNowQA/LC-QuAD2.0/commits/master status=200 bytes=4672 sha256=ec9bedade0661c417acf5918a20737486e421095784f8a652cc04487ca59e535 label=authors_commit_head
2026-07-22T11:27:42Z GET https://api.github.com/repos/AskNowQA/LC-QuAD2.0/license status=404 bytes=140 sha256=6c0109c2ac75f1f264b61da6aff1737f7bc7eac254e6396710ff81a4139f32b1 label=authors_license_api
2026-07-22T11:27:42Z GET https://api.github.com/repos/AskNowQA/LC-QuAD2.0/contents/?ref=0a5f8f85b6f863c3b80f0fa02839e25d438af3ae status=200 bytes=2539 sha256=7583ced9b8af31590b4a122152a3e59c1c7f7d03cfa5be8b1a926e56b0a4afdf label=authors_root_pin
2026-07-22T11:27:42Z GET https://api.github.com/repos/AskNowQA/LC-QuAD2.0/contents/?ref=0a5f8f85b6f863c3b80f0fa02839e25d438af3ae status=200 bytes=2539 sha256=7583ced9b8af31590b4a122152a3e59c1c7f7d03cfa5be8b1a926e56b0a4afdf label=authors_root_head
2026-07-22T11:27:43Z GET https://api.github.com/repos/AskNowQA/LC-QuAD2.0/tags status=200 bytes=2 sha256=4f53cda18c2baa0c0354bb5f9a3ecbe5ed12ab4d8e11ba873c2f11161202b945 label=authors_tags
2026-07-22T11:27:43Z GET https://api.github.com/repos/AskNowQA/LC-QuAD2.0/releases status=200 bytes=2 sha256=4f53cda18c2baa0c0354bb5f9a3ecbe5ed12ab4d8e11ba873c2f11161202b945 label=authors_releases
2026-07-22T11:27:43Z GET https://raw.githubusercontent.com/AskNowQA/LC-QuAD2.0/0a5f8f85b6f863c3b80f0fa02839e25d438af3ae/README.md status=200 bytes=121 sha256=6ebda578c6e1c664f475b7827c52f09553e48d04d3913728e151d262ef76aac7 label=authors_readme_pin
2026-07-22T11:27:44Z GET https://raw.githubusercontent.com/AskNowQA/LC-QuAD2.0/0a5f8f85b6f863c3b80f0fa02839e25d438af3ae/LICENSE status=404 bytes=14 sha256=d5558cd419c8d46bdc958064cb97f963d1ea793866414c025906ec15033512ed label=authors_license_pin
2026-07-22T11:27:44Z GET https://api.github.com/repos/AskNowQA/LC-QuAD2.0/git/trees/0a5f8f85b6f863c3b80f0fa02839e25d438af3ae?recursive=1 status=200 bytes=1765 sha256=6cbce0e6fac6309b76370e92580de911190183d50e8f5eb1cc744e2fb9628924 label=authors_tree_pin
2026-07-22T11:27:44Z GET https://api.github.com/search/issues?q=repo:AskNowQA/LC-QuAD2.0+license&per_page=5 status=200 bytes=79 sha256=c9938edecb99d754b2d039ac9eec320a94c769b6a6417921e2dcbef9e2fe01a0 label=authors_issues_license
2026-07-22T11:27:45Z GET https://api.crossref.org/works/10.1007/978-3-030-30796-7_5 status=406 bytes=33 sha256=343eb25d95e219e823d83f0b61afae5ae19e12cbfaf8b07d8ef223e4e8c4d10d label=crossref
2026-07-22T11:27:45Z GET https://lc-quad.sda.tech/ status=000000 bytes= sha256= label=homepage
2026-07-22T11:27:45Z GET https://doi.org/10.1007/978-3-030-30796-7_5 status=406 bytes=33 sha256=343eb25d95e219e823d83f0b61afae5ae19e12cbfaf8b07d8ef223e4e8c4d10d label=doi_landing
2026-07-22T11:27:46Z GET https://huggingface.co/api/datasets/mohnish/lc_quad status=200 bytes=2358 sha256=babb3908361a6028ed7a8f2ce356e43d6caef764e763556fd28e9c02f2b97f4d label=hf_api
2026-07-22T11:27:46Z GET https://huggingface.co/api/datasets/mohnish/lc_quad/revision/b054a263b39b4a1cd041f85806e500ffdcb5be7f status=200 bytes=2358 sha256=babb3908361a6028ed7a8f2ce356e43d6caef764e763556fd28e9c02f2b97f4d label=hf_snap
2026-07-22T11:27:46Z GET https://huggingface.co/api/datasets/mohnish/lc_quad/commits/main?limit=50 status=200 bytes=7162 sha256=c3d707da5f1f9bba72915bb21c8331e41361c2c1b8dbed8e6f7a673fcdba93b0 label=hf_commits
2026-07-22T11:27:47Z GET https://huggingface.co/datasets/mohnish/lc_quad/raw/b054a263b39b4a1cd041f85806e500ffdcb5be7f/README.md status=200 bytes=7231 sha256=f56ec4f218f0002c51f11531229020ce9b4bb5bf6932e175da14cde44adcb4a0 label=hf_readme_snap
2026-07-22T11:27:47Z GET https://huggingface.co/datasets/mohnish/lc_quad/raw/main/README.md status=200 bytes=7231 sha256=f56ec4f218f0002c51f11531229020ce9b4bb5bf6932e175da14cde44adcb4a0 label=hf_readme_main
2026-07-22T11:27:47Z GET https://huggingface.co/datasets/mohnish/lc_quad/raw/3685c884734ef5fb86227d92500857b6f3425e9d/README.md status=200 bytes=6028 sha256=0093378085cd6aeb29a1bbc45ca711fa5824fc6d133de1a55ce295986233659a label=hf_readme_hist
2026-07-22T11:27:48Z GET https://huggingface.co/api/datasets/mohnish/lc_quad/revision/3685c884734ef5fb86227d92500857b6f3425e9d status=200 bytes=1153 sha256=31c8cea7ea3c23d993a0ced8d28b61808e1b7e1ce4a40c0c2d2475b6c0c90bb9 label=hf_hist
2026-07-22T11:28:18Z GET https://api.crossref.org/works/10.1007/978-3-030-30796-7_5 status=200 bytes=12247 sha256=b1bdfc3075cd6547c65eb34779b32f9863027465eb68bdc1a86340630dae98ce label=crossref2
2026-07-22T11:28:20Z GET https://doi.org/10.1007/978-3-030-30796-7_5 status=see_file bytes=308063 label=doi_landing
2026-07-22T11:28:20Z HEAD https://lc-quad.sda.tech/ status=connection_refused_or_fail label=homepage
2026-07-22T11:28:20Z GET https://huggingface.co/api/datasets/mohnish/lc_quad/commits/main?limit=100 status=200 bytes=7162 sha256=c3d707da5f1f9bba72915bb21c8331e41361c2c1b8dbed8e6f7a673fcdba93b0 label=hf_commits_full
2026-07-22T11:28:21Z GET https://huggingface.co/datasets/mohnish/lc_quad/raw/b054a263b39b4a1cd041f85806e500ffdcb5be7f/lc_quad.py status=200 bytes=4446 sha256=53a53ee61dad829f7d9e1fff3693a441b32a33764281e35d333e03ae4b6eede6 label=hf_builder_snap
2026-07-22T11:28:23Z GET https://huggingface.co/datasets/mohnish/lc_quad/raw/3685c884734ef5fb86227d92500857b6f3425e9d/lc_quad.py status=200 bytes=4519 sha256=0e5a7318be7eff1b52269abc1fb17ba69bc7346714d74393615ca951035dd666 label=hf_builder_hist
2026-07-22T11:28:23.578033+00:00 GET https://huggingface.co/datasets/mohnish/lc_quad/raw/b054a263b39b4a1cd041f85806e500ffdcb5be7f/README.md status=200 bytes=7231 sha256=f56ec4f218f0002c51f11531229020ce9b4bb5bf6932e175da14cde44adcb4a0 label=hf_readme_b054a263b39b.md
2026-07-22T11:28:24.090992+00:00 GET https://huggingface.co/datasets/mohnish/lc_quad/raw/4f638d3d82c417b88bd0ff53eacaef5f966d6d02/README.md status=200 bytes=7231 sha256=f56ec4f218f0002c51f11531229020ce9b4bb5bf6932e175da14cde44adcb4a0 label=hf_readme_4f638d3d82c4.md
2026-07-22T11:28:25.015321+00:00 GET https://huggingface.co/datasets/mohnish/lc_quad/raw/7da973908e23e358f7f71fdb0172dbc4f95b0596/README.md status=200 bytes=7231 sha256=a285626f834bc73e80dd20d8439c7ce01a52895eea28608c6accd953a8bd9ea0 label=hf_readme_7da973908e23.md
2026-07-22T11:28:25.440427+00:00 GET https://huggingface.co/datasets/mohnish/lc_quad/raw/66cf28c230268bf9ada4125076474f29425e9b5a/README.md status=200 bytes=7231 sha256=a285626f834bc73e80dd20d8439c7ce01a52895eea28608c6accd953a8bd9ea0 label=hf_readme_66cf28c23026.md
2026-07-22T11:28:25.740729+00:00 GET https://huggingface.co/datasets/mohnish/lc_quad/raw/ad2030ab0ddd582b6b838494cd51bc7f6aa169a0/README.md status=200 bytes=7231 sha256=f9101b73b3624e7ec5b2c90374702648a219256044833f2882e488b0733b66f5 label=hf_readme_ad2030ab0ddd.md
2026-07-22T11:28:27.005351+00:00 GET https://huggingface.co/datasets/mohnish/lc_quad/raw/d3be1978246515161132383ec742beafd71fe42d/README.md status=200 bytes=6656 sha256=854da7529cd59edca0a0afdb17240047751c8244310880fca1550d61f21bc90e label=hf_readme_d3be19782465.md
2026-07-22T11:28:27.633634+00:00 GET https://huggingface.co/datasets/mohnish/lc_quad/raw/a46c5aa9d20c781f18816461e2bb7d781202bc05/README.md status=200 bytes=6656 sha256=854da7529cd59edca0a0afdb17240047751c8244310880fca1550d61f21bc90e label=hf_readme_a46c5aa9d20c.md
2026-07-22T11:28:28.743621+00:00 GET https://huggingface.co/datasets/mohnish/lc_quad/raw/ad2a5cfa3f43d76fefdae813bfd9bfab34258061/README.md status=200 bytes=6673 sha256=437c22f888baff13fba9ee3c41c10479d32e0901ae8b1bfc9353ff001663a98c label=hf_readme_ad2a5cfa3f43.md
2026-07-22T11:28:29.043082+00:00 GET https://huggingface.co/datasets/mohnish/lc_quad/raw/ff031e8d9af0eb32c65d00375aecf2195291930c/README.md status=200 bytes=6512 sha256=27286c2bd1d532b758bc9abcd1b79313160be9f49632cd3163fedee3d73100de label=hf_readme_ff031e8d9af0.md
2026-07-22T11:28:29.995630+00:00 GET https://huggingface.co/datasets/mohnish/lc_quad/raw/4e2f761b779aee2883296e368c35fd710cb774a4/README.md status=200 bytes=6513 sha256=5ccbc67c9d6a819651b4ac2dd03d650f487cc69c197dd4ec17ec8d42bd2649d6 label=hf_readme_4e2f761b779a.md
2026-07-22T11:28:30.291006+00:00 GET https://huggingface.co/datasets/mohnish/lc_quad/raw/9974b97847b956b6066f1b3025f42296f2055c05/README.md status=200 bytes=6513 sha256=fbad0abaf8b31aa65deb123cdbae189c2578b9efc6f202a18f8faab187490d10 label=hf_readme_9974b97847b9.md
2026-07-22T11:28:30.592235+00:00 GET https://huggingface.co/datasets/mohnish/lc_quad/raw/8ba1fdaa3afb1425ce5bbba64b0daca8a1e9fea1/README.md status=200 bytes=6586 sha256=8de2e232a2cc3fa107356cb300b7969a383de02402fef8d90c8c8abcd8d04bc3 label=hf_readme_8ba1fdaa3afb.md
2026-07-22T11:28:31.821355+00:00 GET https://huggingface.co/datasets/mohnish/lc_quad/raw/28fa00a1c528701e464f297dc479ff806ef26cc9/README.md status=200 bytes=6508 sha256=ee3e44ca4b038c9c695064a4d6327b93850a464440b270921fda088b34c9c993 label=hf_readme_28fa00a1c528.md
2026-07-22T11:28:32.139566+00:00 GET https://huggingface.co/datasets/mohnish/lc_quad/raw/97318a9bed115e67198cf52488d76d1c9f0b3de8/README.md status=200 bytes=6492 sha256=a38f7af8888e4423a0e747b496b658b7ce2243f6550c66db205c2be2e9807f3b label=hf_readme_97318a9bed11.md
2026-07-22T11:28:32.428963+00:00 GET https://huggingface.co/datasets/mohnish/lc_quad/raw/3685c884734ef5fb86227d92500857b6f3425e9d/README.md status=200 bytes=6028 sha256=0093378085cd6aeb29a1bbc45ca711fa5824fc6d133de1a55ce295986233659a label=hf_readme_3685c884734e.md
2026-07-22T11:28:32.727176+00:00 GET https://huggingface.co/datasets/mohnish/lc_quad/raw/0f3fcb416f96dd4a8dac21e2845c61aa36c502f2/README.md status=200 bytes=6028 sha256=0093378085cd6aeb29a1bbc45ca711fa5824fc6d133de1a55ce295986233659a label=hf_readme_0f3fcb416f96.md
2026-07-22T11:28:33.025614+00:00 GET https://huggingface.co/datasets/mohnish/lc_quad/raw/8df2e5e1dd42afd7061e52d456bd547e8c65b6d6/README.md status=200 bytes=6525 sha256=f079318ea6a856267c6ea297b315b710ec0b8616d215a6626ae8d00469c9720e label=hf_readme_8df2e5e1dd42.md
2026-07-22T11:28:34.942053+00:00 GET https://huggingface.co/datasets/mohnish/lc_quad/raw/df93623c0ad0588e4f05815f64f6c11f07872e14/README.md status=0 bytes=25 sha256=0738e1d53e03cdde4e379859b024fb665340ccc62ac4ed215101772e5d81327b label=hf_readme_df93623c0ad0.md
