BEGIN run_id=20260722T135601Z auth=AUTH_DBPEDIA2016_10_ACQ_20260722T134313Z_EMO_01 files=114
OK 1/114 attempt=1 CORE_EN_001 bytes=236365092 sha256=b242e012e29b elapsed=7.2s
OK 2/114 attempt=1 CORE_EN_002 bytes=17447841 sha256=4f591cc50ef2 elapsed=1.0s
OK 3/114 attempt=1 CORE_EN_003 bytes=13344953 sha256=0b7d61a8f4c3 elapsed=1.1s
OK 4/114 attempt=1 CORE_EN_004 bytes=167510717 sha256=e11e0da76fca elapsed=5.5s
OK 5/114 attempt=1 CORE_EN_005 bytes=85282055 sha256=7adb5ea02df0 elapsed=3.0s
OK 6/114 attempt=1 CORE_EN_006 bytes=17598860 sha256=1d056c9947f3 elapsed=0.9s
OK 7/114 attempt=1 CORE_EN_007 bytes=17379613 sha256=719d5f772b7d elapsed=0.9s
OK 8/114 attempt=1 CORE_EN_008 bytes=4010348 sha256=a82e635c8df0 elapsed=0.6s
OK 9/114 attempt=1 CORE_EN_009 bytes=12326604 sha256=4b65b395a867 elapsed=1.1s
OK 10/114 attempt=1 CORE_EN_010 bytes=94728001 sha256=f91a260846fd elapsed=3.5s
OK 11/114 attempt=1 CORE_EN_011 bytes=492733142 sha256=c4c525b8c0dc elapsed=14.9s
OK 12/114 attempt=1 CORE_EN_012 bytes=788573 sha256=3047c82069d6 elapsed=0.4s
OK 13/114 attempt=1 CORE_EN_013 bytes=42351931 sha256=14c75cb436fc elapsed=1.5s
OK 14/114 attempt=1 CORE_EN_014 bytes=131023326 sha256=a1f80d872e93 elapsed=4.3s
OK 15/114 attempt=1 CORE_EN_015 bytes=187246960 sha256=40ebe8227510 elapsed=6.2s
OK 16/114 attempt=1 CORE_EN_016 bytes=190221571 sha256=df8f488fcee0 elapsed=6.4s
OK 17/114 attempt=1 CORE_EN_017 bytes=818348209 sha256=d6462eccfe3e elapsed=146.7s
OK 18/114 attempt=1 CORE_EN_018 bytes=137316236 sha256=0d0d6b55b240 elapsed=21.3s
OK 19/114 attempt=1 CORE_EN_019 bytes=172372141 sha256=a5811aa5a6be elapsed=8.4s
OK 20/114 attempt=1 CORE_EN_020 bytes=175257242 sha256=8855b70f2d01 elapsed=98.2s
OK 21/114 attempt=1 CORE_EN_021 bytes=66513289 sha256=8a9b86aabfaf elapsed=65.6s
OK 22/114 attempt=1 CORE_EN_022 bytes=197916335 sha256=d89af42f1231 elapsed=60.7s
OK 23/114 attempt=1 CORE_EN_023 bytes=261380021 sha256=4ac2891d441e elapsed=-3.2s
OK 24/114 attempt=1 CORE_EN_024 bytes=547637274 sha256=5f5211880d80 elapsed=16.2s
OK 25/114 attempt=1 CORE_EN_025 bytes=45681114 sha256=050b0053d457 elapsed=1.7s
OK 26/114 attempt=1 CORE_EN_026 bytes=9150864 sha256=f4e00f3450fa elapsed=0.9s
OK 27/114 attempt=1 CORE_EN_027 bytes=108901507 sha256=11ddf8bc1868 elapsed=3.6s
OK 28/114 attempt=1 CORE_EN_028 bytes=16221273 sha256=5e5cee33244a elapsed=0.9s
OK 29/114 attempt=1 CORE_EN_029 bytes=317184934 sha256=d09093880566 elapsed=9.8s
OK 30/114 attempt=1 LHD_001 bytes=39643080 sha256=d25bae726bed elapsed=1.4s
OK 31/114 attempt=1 LHD_002 bytes=46325495 sha256=26f97ae4b5b1 elapsed=2.1s
OK 32/114 attempt=1 LINKS_001 bytes=6725 sha256=4730380a97e9 elapsed=0.2s
OK 33/114 attempt=1 LINKS_002 bytes=119963 sha256=4bc6c273505e elapsed=0.3s
OK 34/114 attempt=1 LINKS_003 bytes=4942 sha256=052a0a91fb0c elapsed=0.2s
OK 35/114 attempt=1 LINKS_004 bytes=16970 sha256=f15e8e011e23 elapsed=0.2s
OK 36/114 attempt=1 LINKS_005 bytes=72117 sha256=69bece5a2f36 elapsed=0.3s
OK 37/114 attempt=1 LINKS_006 bytes=25568 sha256=f43c69afe8dd elapsed=0.3s
OK 38/114 attempt=1 LINKS_007 bytes=2454 sha256=6adb08f584d4 elapsed=0.2s
OK 39/114 attempt=1 LINKS_008 bytes=697 sha256=34cc07dfc88c elapsed=0.2s
OK 40/114 attempt=1 LINKS_009 bytes=2448 sha256=65aae4644fd6 elapsed=0.2s
OK 41/114 attempt=1 LINKS_010 bytes=16877 sha256=36001d00ede2 elapsed=0.2s
OK 42/114 attempt=1 LINKS_011 bytes=19254 sha256=86cf27e249b0 elapsed=0.2s
OK 43/114 attempt=1 LINKS_012 bytes=3264943 sha256=7015cc06bbf8 elapsed=1.4s
OK 44/114 attempt=1 LINKS_013 bytes=32460 sha256=3c626bb5f1b0 elapsed=0.2s
OK 45/114 attempt=1 LINKS_014 bytes=101388 sha256=81fdcb19e9dd elapsed=0.3s
OK 46/114 attempt=1 LINKS_015 bytes=2317 sha256=956d6446f59f elapsed=0.2s
OK 47/114 attempt=1 LINKS_016 bytes=1680 sha256=d1346de672e1 elapsed=0.2s
OK 48/114 attempt=1 LINKS_017 bytes=3920 sha256=8b0ce397b8e4 elapsed=0.2s
OK 49/114 attempt=1 LINKS_018 bytes=299334 sha256=d5cefbb1ba3e elapsed=0.4s
OK 50/114 attempt=1 LINKS_019 bytes=4010348 sha256=a82e635c8df0 elapsed=0.6s
OK 51/114 attempt=1 LINKS_020 bytes=179865 sha256=ccc5d73a8d95 elapsed=0.3s
OK 52/114 attempt=1 LINKS_021 bytes=1746 sha256=da54ea9ab90e elapsed=0.2s
OK 53/114 attempt=1 LINKS_022 bytes=43237 sha256=14430f099491 elapsed=0.2s
OK 54/114 attempt=1 LINKS_023 bytes=49007 sha256=ae7ee892ca17 elapsed=0.2s
OK 55/114 attempt=1 LINKS_024 bytes=8130 sha256=20a265518c4d elapsed=0.2s
OK 56/114 attempt=1 LINKS_025 bytes=933459 sha256=ed92b8b00916 elapsed=0.5s
OK 57/114 attempt=1 LINKS_026 bytes=130411 sha256=f8e66ac66905 elapsed=0.3s
OK 58/114 attempt=1 LINKS_027 bytes=48102 sha256=819a43d837a9 elapsed=0.3s
OK 59/114 attempt=1 LINKS_028 bytes=10814 sha256=abdc8646f475 elapsed=0.2s
OK 60/114 attempt=1 LINKS_029 bytes=85035 sha256=0d4abb309725 elapsed=0.3s
OK 61/114 attempt=1 LINKS_030 bytes=2943 sha256=b84bd4c2ee02 elapsed=0.1s
OK 62/114 attempt=1 LINKS_031 bytes=150955 sha256=a6f8ab3828c8 elapsed=0.3s
OK 63/114 attempt=1 LINKS_032 bytes=16970 sha256=f15e8e011e23 elapsed=0.2s
OK 64/114 attempt=1 LINKS_033 bytes=7615 sha256=3847370ed842 elapsed=0.2s
OK 65/114 attempt=1 LINKS_034 bytes=47759 sha256=dd3803cd29a5 elapsed=0.2s
OK 66/114 attempt=1 LINKS_035 bytes=437 sha256=adaa49620eeb elapsed=0.2s
OK 67/114 attempt=1 LINKS_036 bytes=16740 sha256=798eb35c10fa elapsed=0.2s
OK 68/114 attempt=1 LINKS_037 bytes=29047 sha256=0147ddd5d088 elapsed=0.2s
OK 69/114 attempt=1 LINKS_038 bytes=8704 sha256=ba69ada9b2c1 elapsed=0.2s
OK 70/114 attempt=1 LINKS_039 bytes=1781 sha256=15315d807a19 elapsed=0.1s
OK 71/114 attempt=1 LINKS_040 bytes=2200 sha256=a3a2f5cb8afd elapsed=0.2s
OK 72/114 attempt=1 LINKS_041 bytes=4139168 sha256=9e1974421a50 elapsed=0.6s
OK 73/114 attempt=1 LINKS_042 bytes=158040 sha256=e8b44eb96d94 elapsed=0.3s
OK 74/114 attempt=1 LINKS_043 bytes=1768771 sha256=367eb4242ff5 elapsed=0.5s
OK 75/114 attempt=1 LINKS_044 bytes=404 sha256=c11445eea9df elapsed=0.2s
OK 76/114 attempt=1 LINKS_045 bytes=3146081 sha256=500e034d8a69 elapsed=0.5s
OK 77/114 attempt=1 LINKS_046 bytes=2029 sha256=a946b7fa14db elapsed=0.2s
OK 78/114 attempt=1 LINKS_047 bytes=37993717 sha256=f7d8d5181ea7 elapsed=1.4s
OK 79/114 attempt=1 LINKS_048 bytes=4240370 sha256=c4348e131e0c elapsed=0.6s
OK 80/114 attempt=1 LINKS_049 bytes=5875928 sha256=610b4e8ceb06 elapsed=0.6s
OK 81/114 attempt=1 LINKS_050 bytes=285847045 sha256=5a13a67d2866 elapsed=9.2s
OK 82/114 attempt=1 CORE_I18N_URIS_001 bytes=4033214 sha256=490b5fb387c6 elapsed=0.6s
OK 83/114 attempt=1 CORE_I18N_URIS_002 bytes=14757441 sha256=38cee9dba2bc elapsed=1.2s
OK 84/114 attempt=1 CORE_I18N_URIS_003 bytes=11663333 sha256=6027a16371c7 elapsed=0.7s
OK 85/114 attempt=1 CORE_I18N_URIS_004 bytes=16831634 sha256=922a4e67f22e elapsed=15.2s
OK 86/114 attempt=1 CORE_I18N_URIS_005 bytes=12451796 sha256=67e795409a95 elapsed=-13.2s
OK 87/114 attempt=1 CORE_I18N_URIS_006 bytes=6939656 sha256=60029f8b3cf9 elapsed=0.6s
OK 88/114 attempt=1 CORE_I18N_URIS_007 bytes=9836159 sha256=5de8dd6cab6f elapsed=0.8s
OK 89/114 attempt=1 CORE_I18N_URIS_008 bytes=10271231 sha256=9b6ff4781633 elapsed=1.1s
OK 90/114 attempt=1 CORE_I18N_URIS_009 bytes=8878067 sha256=cca991c52cbe elapsed=0.8s
OK 91/114 attempt=1 CORE_I18N_URIS_010 bytes=10933144 sha256=73a083a9503d elapsed=0.8s
OK 92/114 attempt=1 CORE_I18N_URIS_011 bytes=6970631 sha256=f0092235315e elapsed=0.7s
OK 93/114 attempt=1 CORE_I18N_URIS_012 bytes=41580494 sha256=d8e35104cf7b elapsed=1.5s
OK 94/114 attempt=1 CORE_I18N_URIS_013 bytes=147465772 sha256=57942fee431a elapsed=4.6s
OK 95/114 attempt=1 CORE_I18N_URIS_014 bytes=130307903 sha256=a8552abdf963 elapsed=4.7s
OK 96/114 attempt=1 CORE_I18N_URIS_015 bytes=133856751 sha256=6e3e0ef6d070 elapsed=4.5s
OK 97/114 attempt=1 CORE_I18N_URIS_016 bytes=85013934 sha256=70584720e207 elapsed=2.8s
OK 98/114 attempt=1 CORE_I18N_URIS_017 bytes=62545775 sha256=264b95bcaab8 elapsed=2.6s
OK 99/114 attempt=1 CORE_I18N_URIS_018 bytes=82360668 sha256=6047c9b60072 elapsed=3.3s
OK 100/114 attempt=1 CORE_I18N_URIS_019 bytes=98496657 sha256=3ab130548924 elapsed=3.7s
OK 101/114 attempt=1 CORE_I18N_URIS_020 bytes=83768123 sha256=96eac683ab80 elapsed=2.7s
OK 102/114 attempt=1 CORE_I18N_URIS_021 bytes=111258707 sha256=d6e2c3bfc2d7 elapsed=4.1s
OK 103/114 attempt=1 CORE_I18N_URIS_022 bytes=65171178 sha256=b5ebc7cd8712 elapsed=2.3s
OK 104/114 attempt=1 CORE_I18N_URIS_023 bytes=28048144 sha256=e468a25ca7f1 elapsed=1.1s
OK 105/114 attempt=1 CORE_I18N_URIS_024 bytes=100483079 sha256=0880039f6081 elapsed=3.0s
OK 106/114 attempt=1 CORE_I18N_URIS_025 bytes=83927015 sha256=e29da1d62fa2 elapsed=4.6s
OK 107/114 attempt=1 CORE_I18N_URIS_026 bytes=99360159 sha256=86240c4040bb elapsed=3.1s
OK 108/114 attempt=1 CORE_I18N_URIS_027 bytes=60067242 sha256=ba9dc0d7cedc elapsed=2.2s
OK 109/114 attempt=1 CORE_I18N_URIS_028 bytes=57878038 sha256=0de107abaf57 elapsed=2.4s
OK 110/114 attempt=1 CORE_I18N_URIS_029 bytes=55621227 sha256=e4f729f67417 elapsed=2.5s
OK 111/114 attempt=1 CORE_I18N_URIS_030 bytes=66748349 sha256=c5d4d9f98277 elapsed=2.6s
OK 112/114 attempt=1 CORE_I18N_URIS_031 bytes=55867677 sha256=6cae114ca7d9 elapsed=2.2s
OK 113/114 attempt=1 CORE_I18N_URIS_032 bytes=77177871 sha256=6b373cd79d69 elapsed=2.9s
OK 114/114 attempt=1 CORE_I18N_URIS_033 bytes=62064852 sha256=a0097c113128 elapsed=2.7s
PASS total_bytes=6925795437 files=114 cost_usd=0.00
