2026-07-22T10:53:08Z GET https://api.github.com/repos/Perevalov/qald_9_plus/commits/8eb038a61e1bc09cbd21640aa667a1714f53cda4 status=000000 bytes=0 sha256=e3b0c44298fc1c149afbf4c8996fb92427ae41e4649b934ca495991b7852b855 ctype=inode/x-empty label=commit
2026-07-22T10:53:08Z GET https://api.github.com/repos/Perevalov/qald_9_plus/git/trees/?recursive=1 status=000000 bytes=0 sha256=e3b0c44298fc1c149afbf4c8996fb92427ae41e4649b934ca495991b7852b855 ctype=inode/x-empty label=tree
2026-07-22T10:53:08Z GET https://api.github.com/repos/Perevalov/qald_9_plus/contents/data/qald_9_plus_train_dbpedia.json?ref=8eb038a61e1bc09cbd21640aa667a1714f53cda4 status=000000 bytes=0 sha256=e3b0c44298fc1c149afbf4c8996fb92427ae41e4649b934ca495991b7852b855 ctype=inode/x-empty label=contents_data_qald_9_plus_train_dbpedia.json
2026-07-22T10:53:09Z GET https://api.github.com/repos/Perevalov/qald_9_plus/contents/data/qald_9_plus_test_dbpedia.json?ref=8eb038a61e1bc09cbd21640aa667a1714f53cda4 status=000000 bytes=0 sha256=e3b0c44298fc1c149afbf4c8996fb92427ae41e4649b934ca495991b7852b855 ctype=inode/x-empty label=contents_data_qald_9_plus_test_dbpedia.json
2026-07-22T10:53:09Z GET https://api.github.com/repos/Perevalov/qald_9_plus/contents/LICENSE?ref=8eb038a61e1bc09cbd21640aa667a1714f53cda4 status=000000 bytes=0 sha256=e3b0c44298fc1c149afbf4c8996fb92427ae41e4649b934ca495991b7852b855 ctype=inode/x-empty label=contents_LICENSE
2026-07-22T10:53:09Z GET https://api.github.com/repos/Perevalov/qald_9_plus/contents/CITATION.cff?ref=8eb038a61e1bc09cbd21640aa667a1714f53cda4 status=000000 bytes=0 sha256=e3b0c44298fc1c149afbf4c8996fb92427ae41e4649b934ca495991b7852b855 ctype=inode/x-empty label=contents_CITATION.cff
2026-07-22T10:53:09Z GET https://raw.githubusercontent.com/Perevalov/qald_9_plus/8eb038a61e1bc09cbd21640aa667a1714f53cda4/LICENSE status=200 bytes=18650 sha256=7e7170e3cebf88a9f60c7b8421418323c09304da1af4d5e90f4da1dc1c8a2661 ctype=text/plain label=license_raw
2026-07-22T10:53:09Z GET https://raw.githubusercontent.com/Perevalov/qald_9_plus/8eb038a61e1bc09cbd21640aa667a1714f53cda4/CITATION.cff status=200 bytes=1191 sha256=40c2e632613eea4599d7d6742b935b5b207351c31b4026e729e8b8121fc31887 ctype=text/plain label=citation_raw
2026-07-22T10:53:29Z GET https://api.github.com/repos/Perevalov/qald_9_plus/commits/8eb038a61e1bc09cbd21640aa667a1714f53cda4 status=000000 bytes=0 sha256=e3b0c44298fc1c149afbf4c8996fb92427ae41e4649b934ca495991b7852b855 label=commit
2026-07-22T10:53:43Z GET https://api.github.com/repos/Perevalov/qald_9_plus/git/trees/?recursive=1 status=000000 bytes=0 sha256=e3b0c44298fc1c149afbf4c8996fb92427ae41e4649b934ca495991b7852b855 label=tree
2026-07-22T10:53:30Z GET https://api.github.com/repos/Perevalov/qald_9_plus/contents/data%2Fqald_9_plus_train_dbpedia.json?ref=8eb038a61e1bc09cbd21640aa667a1714f53cda4 status=000000 bytes=0 sha256=e3b0c44298fc1c149afbf4c8996fb92427ae41e4649b934ca495991b7852b855 label=contents_data_qald_9_plus_train_dbpedia.json
2026-07-22T10:53:30Z GET https://api.github.com/repos/Perevalov/qald_9_plus/contents/data%2Fqald_9_plus_test_dbpedia.json?ref=8eb038a61e1bc09cbd21640aa667a1714f53cda4 status=000000 bytes=0 sha256=e3b0c44298fc1c149afbf4c8996fb92427ae41e4649b934ca495991b7852b855 label=contents_data_qald_9_plus_test_dbpedia.json
2026-07-22T10:53:30Z GET https://api.github.com/repos/Perevalov/qald_9_plus/contents/LICENSE?ref=8eb038a61e1bc09cbd21640aa667a1714f53cda4 status=000000 bytes=0 sha256=e3b0c44298fc1c149afbf4c8996fb92427ae41e4649b934ca495991b7852b855 label=contents_LICENSE
2026-07-22T10:53:30Z GET https://api.github.com/repos/Perevalov/qald_9_plus/contents/CITATION.cff?ref=8eb038a61e1bc09cbd21640aa667a1714f53cda4 status=000000 bytes=0 sha256=e3b0c44298fc1c149afbf4c8996fb92427ae41e4649b934ca495991b7852b855 label=contents_CITATION.cff
2026-07-22T10:56:31Z GET https://api.github.com/repos/Perevalov/qald_9_plus/commits/8eb038a61e1bc09cbd21640aa667a1714f53cda4 status=200 bytes=5807 sha256=c3c89e2608dc4ca501d2b06fc3d9baef74124a80937c174582d3a40ab43a2282 label=commit
2026-07-22T10:56:31Z GET https://api.github.com/repos/Perevalov/qald_9_plus/git/trees/7159958810958ff185187cf603e2c4a997dc2df9?recursive=1 status=000 bytes=0 sha256=e3b0c44298fc1c149afbf4c8996fb92427ae41e4649b934ca495991b7852b855 label=tree
2026-07-22T10:56:31Z GET https://api.github.com/repos/Perevalov/qald_9_plus/contents/data%2Fqald_9_plus_train_dbpedia.json?ref=8eb038a61e1bc09cbd21640aa667a1714f53cda4 status=000 bytes=0 sha256=e3b0c44298fc1c149afbf4c8996fb92427ae41e4649b934ca495991b7852b855 label=contents_data_qald_9_plus_train_dbpedia.json
2026-07-22T10:56:31Z GET https://api.github.com/repos/Perevalov/qald_9_plus/contents/data%2Fqald_9_plus_test_dbpedia.json?ref=8eb038a61e1bc09cbd21640aa667a1714f53cda4 status=000 bytes=0 sha256=e3b0c44298fc1c149afbf4c8996fb92427ae41e4649b934ca495991b7852b855 label=contents_data_qald_9_plus_test_dbpedia.json
2026-07-22T10:56:31Z GET https://api.github.com/repos/Perevalov/qald_9_plus/contents/LICENSE?ref=8eb038a61e1bc09cbd21640aa667a1714f53cda4 status=000 bytes=0 sha256=e3b0c44298fc1c149afbf4c8996fb92427ae41e4649b934ca495991b7852b855 label=contents_LICENSE
2026-07-22T10:56:31Z GET https://api.github.com/repos/Perevalov/qald_9_plus/contents/CITATION.cff?ref=8eb038a61e1bc09cbd21640aa667a1714f53cda4 status=000 bytes=0 sha256=e3b0c44298fc1c149afbf4c8996fb92427ae41e4649b934ca495991b7852b855 label=contents_CITATION.cff
2026-07-22T10:56:31Z GET https://raw.githubusercontent.com/Perevalov/qald_9_plus/8eb038a61e1bc09cbd21640aa667a1714f53cda4/LICENSE status=200 bytes=18650 sha256=7e7170e3cebf88a9f60c7b8421418323c09304da1af4d5e90f4da1dc1c8a2661 label=license_raw
2026-07-22T10:56:31Z GET https://raw.githubusercontent.com/Perevalov/qald_9_plus/8eb038a61e1bc09cbd21640aa667a1714f53cda4/CITATION.cff status=200 bytes=1191 sha256=40c2e632613eea4599d7d6742b935b5b207351c31b4026e729e8b8121fc31887 label=citation_raw
2026-07-22T10:57:37Z GET https://api.github.com/repos/Perevalov/qald_9_plus/git/trees/7159958810958ff185187cf603e2c4a997dc2df9?recursive=1 status=200 bytes=3663 sha256=35f49faac29186bbcc7d2894de0ff6b28e5d6ba3db697e3d65002b07a6edc9f2 label=tree
2026-07-22T10:57:37Z GET https://api.github.com/repos/Perevalov/qald_9_plus/contents/data%2Fqald_9_plus_train_dbpedia.json?ref=8eb038a61e1bc09cbd21640aa667a1714f53cda4 status=200 bytes=1218 sha256=8a276e03a7154b38670f9263bab0701db1a7a61d4913d51244e0c99a207c3712 label=contents_data_qald_9_plus_train_dbpedia.json
2026-07-22T10:57:38Z GET https://api.github.com/repos/Perevalov/qald_9_plus/contents/data%2Fqald_9_plus_test_dbpedia.json?ref=8eb038a61e1bc09cbd21640aa667a1714f53cda4 status=200 bytes=1211 sha256=af6be392c52c8b3ef4282112b5d77d680acdb31a2d1cb125372f33c0e2d3adbb label=contents_data_qald_9_plus_test_dbpedia.json
2026-07-22T10:57:38Z GET https://api.github.com/repos/Perevalov/qald_9_plus/contents/LICENSE?ref=8eb038a61e1bc09cbd21640aa667a1714f53cda4 status=200 bytes=26725 sha256=74c1b43013ea738c206484ba96ea649477ec2f4458aef5751de390ff600b605a label=contents_LICENSE
2026-07-22T10:57:38Z GET https://api.github.com/repos/Perevalov/qald_9_plus/contents/CITATION.cff?ref=8eb038a61e1bc09cbd21640aa667a1714f53cda4 status=200 bytes=2703 sha256=8533e26e053a978c4f60d94887be620015bca6580b1780f2106bb23736245593 label=contents_CITATION.cff
